<?xml version="1.0" encoding="UTF-8"?>
<testng-results skipped="0" failed="0" total="3" passed="3">
  <reporter-output>
  </reporter-output>
  <suite name="Default suite" duration-ms="32633" started-at="2015-04-19T07:44:42Z" finished-at="2015-04-19T07:45:14Z">
    <groups>
    </groups>
    <test name="Default test" duration-ms="32633" started-at="2015-04-19T07:44:42Z" finished-at="2015-04-19T07:45:14Z">
      <class name="com.example.tests.ContactCreationTests">
        <test-method status="PASS" signature="testNonEmptyContactCreation()[pri:0, instance:com.example.tests.ContactCreationTests@50cbc42f]" name="testNonEmptyContactCreation" duration-ms="7639" started-at="2015-04-19T10:45:06Z" finished-at="2015-04-19T10:45:14Z">
          <reporter-output>
          </reporter-output>
        </test-method> <!-- testNonEmptyContactCreation -->
      </class> <!-- com.example.tests.ContactCreationTests -->
      <class name="com.example.tests.GroupCreationTests">
        <test-method status="PASS" signature="setUp()[pri:0, instance:com.example.tests.GroupCreationTests@50675690]" name="setUp" is-config="true" duration-ms="16865" started-at="2015-04-19T10:44:42Z" finished-at="2015-04-19T10:44:58Z">
          <reporter-output>
          </reporter-output>
        </test-method> <!-- setUp -->
        <test-method status="PASS" signature="testEmptyGroupCreation()[pri:0, instance:com.example.tests.GroupCreationTests@50675690]" name="testEmptyGroupCreation" duration-ms="4122" started-at="2015-04-19T10:44:59Z" finished-at="2015-04-19T10:45:03Z">
          <reporter-output>
          </reporter-output>
        </test-method> <!-- testEmptyGroupCreation -->
        <test-method status="PASS" signature="testNonEmptyGroupCreation()[pri:0, instance:com.example.tests.GroupCreationTests@50675690]" name="testNonEmptyGroupCreation" duration-ms="3573" started-at="2015-04-19T10:45:03Z" finished-at="2015-04-19T10:45:06Z">
          <reporter-output>
          </reporter-output>
        </test-method> <!-- testNonEmptyGroupCreation -->
        <test-method status="PASS" signature="tearDown()[pri:0, instance:com.example.tests.GroupCreationTests@50675690]" name="tearDown" is-config="true" duration-ms="367" started-at="2015-04-19T10:45:14Z" finished-at="2015-04-19T10:45:14Z">
          <reporter-output>
          </reporter-output>
        </test-method> <!-- tearDown -->
      </class> <!-- com.example.tests.GroupCreationTests -->
    </test> <!-- Default test -->
  </suite> <!-- Default suite -->
</testng-results>
