<?xml version="1.0" encoding="UTF-8"?>
<testng-results skipped="0" failed="0" total="4" passed="4">
  <reporter-output>
  </reporter-output>
  <suite name="Default suite" duration-ms="23981" started-at="2015-04-18T09:09:45Z" finished-at="2015-04-18T09:10:09Z">
    <groups>
    </groups>
    <test name="Default test" duration-ms="23981" started-at="2015-04-18T09:09:45Z" finished-at="2015-04-18T09:10:09Z">
      <class name="com.example.tests.AlsoGroupCreationTests">
        <test-method status="PASS" signature="setUp()[pri:0, instance:com.example.tests.AlsoGroupCreationTests@17ed40e0]" name="setUp" is-config="true" duration-ms="7973" started-at="2015-04-18T12:09:45Z" finished-at="2015-04-18T12:09:53Z">
          <reporter-output>
          </reporter-output>
        </test-method> <!-- setUp -->
        <test-method status="PASS" signature="testEmptyGroupCreation()[pri:0, instance:com.example.tests.AlsoGroupCreationTests@17ed40e0]" name="testEmptyGroupCreation" duration-ms="3688" started-at="2015-04-18T12:10:01Z" finished-at="2015-04-18T12:10:05Z">
          <reporter-output>
          </reporter-output>
        </test-method> <!-- testEmptyGroupCreation -->
        <test-method status="PASS" signature="testNonEmptyGroupCreation()[pri:0, instance:com.example.tests.AlsoGroupCreationTests@17ed40e0]" name="testNonEmptyGroupCreation" duration-ms="4066" started-at="2015-04-18T12:10:05Z" finished-at="2015-04-18T12:10:09Z">
          <reporter-output>
          </reporter-output>
        </test-method> <!-- testNonEmptyGroupCreation -->
        <test-method status="PASS" signature="tearDown()[pri:0, instance:com.example.tests.AlsoGroupCreationTests@17ed40e0]" name="tearDown" is-config="true" duration-ms="343" started-at="2015-04-18T12:10:09Z" finished-at="2015-04-18T12:10:09Z">
          <reporter-output>
          </reporter-output>
        </test-method> <!-- tearDown -->
      </class> <!-- com.example.tests.AlsoGroupCreationTests -->
      <class name="com.example.tests.GroupCreationTests">
        <test-method status="PASS" signature="testEmptyGroupCreation()[pri:0, instance:com.example.tests.GroupCreationTests@50cbc42f]" name="testEmptyGroupCreation" duration-ms="4038" started-at="2015-04-18T12:09:53Z" finished-at="2015-04-18T12:09:57Z">
          <reporter-output>
          </reporter-output>
        </test-method> <!-- testEmptyGroupCreation -->
        <test-method status="PASS" signature="testNonEmptyGroupCreation()[pri:0, instance:com.example.tests.GroupCreationTests@50cbc42f]" name="testNonEmptyGroupCreation" duration-ms="3846" started-at="2015-04-18T12:09:57Z" finished-at="2015-04-18T12:10:01Z">
          <reporter-output>
          </reporter-output>
        </test-method> <!-- testNonEmptyGroupCreation -->
      </class> <!-- com.example.tests.GroupCreationTests -->
    </test> <!-- Default test -->
  </suite> <!-- Default suite -->
</testng-results>
