<?xml version="1.0" encoding="UTF-8"?>
<testng-results skipped="0" failed="0" total="1" passed="1">
  <reporter-output>
  </reporter-output>
  <suite name="Default suite" duration-ms="7306" started-at="2015-06-05T05:37:46Z" finished-at="2015-06-05T05:37:54Z">
    <groups>
    </groups>
    <test name="Default test" duration-ms="7306" started-at="2015-06-05T05:37:46Z" finished-at="2015-06-05T05:37:54Z">
      <class name="com.example.tests.TestContactRemoval">
        <test-method status="PASS" signature="setUp(java.lang.String)[pri:0, instance:com.example.tests.TestContactRemoval@18ef96]" name="setUp" is-config="true" duration-ms="91" started-at="2015-06-05T08:37:46Z" finished-at="2015-06-05T08:37:46Z">
          <params>
            <param index="0">
              <value is-null="true"/>
            </param>
          </params>
          <reporter-output>
          </reporter-output>
        </test-method> <!-- setUp -->
        <test-method status="PASS" signature="shouldDeleteContact()[pri:0, instance:com.example.tests.TestContactRemoval@18ef96]" name="shouldDeleteContact" duration-ms="7183" started-at="2015-06-05T08:37:46Z" finished-at="2015-06-05T08:37:54Z">
          <reporter-output>
          </reporter-output>
        </test-method> <!-- shouldDeleteContact -->
      </class> <!-- com.example.tests.TestContactRemoval -->
    </test> <!-- Default test -->
  </suite> <!-- Default suite -->
</testng-results>
