<?xml version="1.0" encoding="UTF-8"?>
<!-- Generated by org.testng.reporters.JUnitXMLReporter -->
<testsuite hostname="Sony-VAIO" name="Default test" tests="4" failures="0" timestamp="18 Apr 2015 09:10:09 GMT" time="23.981" errors="0">
  <testcase name="testEmptyGroupCreation" time="4.038" classname="com.example.tests.GroupCreationTests"/>
  <testcase name="testNonEmptyGroupCreation" time="3.846" classname="com.example.tests.GroupCreationTests"/>
  <testcase name="testEmptyGroupCreation" time="3.688" classname="com.example.tests.AlsoGroupCreationTests"/>
  <testcase name="testNonEmptyGroupCreation" time="4.066" classname="com.example.tests.AlsoGroupCreationTests"/>
</testsuite> <!-- Default test -->
