<?xml version="1.0" encoding="UTF-8"?>
<!-- Generated by org.testng.reporters.JUnitXMLReporter -->
<testsuite hostname="Sony-VAIO" name="Default test" tests="3" failures="0" timestamp="19 Apr 2015 07:45:14 GMT" time="32.633" errors="0">
  <testcase name="testEmptyGroupCreation" time="4.122" classname="com.example.tests.GroupCreationTests"/>
  <testcase name="testNonEmptyGroupCreation" time="3.573" classname="com.example.tests.GroupCreationTests"/>
  <testcase name="testNonEmptyContactCreation" time="7.639" classname="com.example.tests.ContactCreationTests"/>
</testsuite> <!-- Default test -->
